<?xml version="1.0" encoding="UTF-8"?>
<testng-results skipped="0" failed="0" total="0" passed="0">
  <reporter-output>
  </reporter-output>
  <suite name="com.BMS.TestUtils" duration-ms="3" started-at="2018-04-26T09:10:02Z" finished-at="2018-04-26T09:10:02Z">
    <groups>
    </groups>
    <test name="Command line test" duration-ms="3" started-at="2018-04-26T09:10:02Z" finished-at="2018-04-26T09:10:02Z">
    </test> <!-- Command line test -->
  </suite> <!-- com.BMS.TestUtils -->
</testng-results>
